<?xml version="1.0" encoding="UTF-8"?>
<!-- Generated by org.testng.reporters.JUnitReportReporter -->
<testsuite hostname="Anil-pc" failures="0" tests="11" name="framework.LoginCredentials" time="0.000" errors="1" timestamp="2022-05-18T12:29:54 IST" skipped="10">
  <testcase classname="framework.LoginCredentials" name="voidsetup" time="0.000">
    <error message="Cannot invoke &quot;framework.ConfigData.getBrowser()&quot; because &quot;this.config&quot; is null" type="java.lang.NullPointerException">
      <![CDATA[java.lang.NullPointerException: Cannot invoke "framework.ConfigData.getBrowser()" because "this.config" is null
at framework.Baseclass.voidsetup(Baseclass.java:22)
at java.base/jdk.internal.reflect.NativeMethodAccessorImpl.invoke0(Native Method)
at java.base/jdk.internal.reflect.NativeMethodAccessorImpl.invoke(NativeMethodAccessorImpl.java:77)
at java.base/jdk.internal.reflect.DelegatingMethodAccessorImpl.invoke(DelegatingMethodAccessorImpl.java:43)
at java.base/java.lang.reflect.Method.invoke(Method.java:568)
at org.testng.internal.MethodInvocationHelper.invokeMethod(MethodInvocationHelper.java:133)
at org.testng.internal.MethodInvocationHelper.invokeMethodConsideringTimeout(MethodInvocationHelper.java:62)
at org.testng.internal.ConfigInvoker.invokeConfigurationMethod(ConfigInvoker.java:385)
at org.testng.internal.ConfigInvoker.invokeConfigurations(ConfigInvoker.java:321)
at org.testng.internal.TestMethodWorker.invokeBeforeClassMethods(TestMethodWorker.java:176)
at org.testng.internal.TestMethodWorker.run(TestMethodWorker.java:122)
at java.base/java.util.ArrayList.forEach(ArrayList.java:1511)
at org.testng.TestRunner.privateRun(TestRunner.java:794)
at org.testng.TestRunner.run(TestRunner.java:596)
at org.testng.SuiteRunner.runTest(SuiteRunner.java:377)
at org.testng.SuiteRunner.runSequentially(SuiteRunner.java:371)
at org.testng.SuiteRunner.privateRun(SuiteRunner.java:332)
at org.testng.SuiteRunner.run(SuiteRunner.java:276)
at org.testng.SuiteRunnerWorker.runSuite(SuiteRunnerWorker.java:53)
at org.testng.SuiteRunnerWorker.run(SuiteRunnerWorker.java:96)
at org.testng.TestNG.runSuitesSequentially(TestNG.java:1212)
at org.testng.TestNG.runSuitesLocally(TestNG.java:1134)
at org.testng.TestNG.runSuites(TestNG.java:1063)
at org.testng.TestNG.run(TestNG.java:1031)
at org.testng.remote.AbstractRemoteTestNG.run(AbstractRemoteTestNG.java:115)
at org.testng.remote.RemoteTestNG.initAndRun(RemoteTestNG.java:251)
at org.testng.remote.RemoteTestNG.main(RemoteTestNG.java:77)
]]>
    </error>
  </testcase> <!-- voidsetup -->
  <system-out/>
  <testcase classname="framework.LoginCredentials" name="loginApp" time="0.000">
    <skipped/>
  </testcase> <!-- loginApp -->
  <system-out/>
  <testcase classname="framework.LoginCredentials" name="signupapp" time="0.000">
    <skipped/>
  </testcase> <!-- signupapp -->
  <system-out/>
  <testcase classname="framework.LoginCredentials" name="searchupapp" time="0.000">
    <skipped/>
  </testcase> <!-- searchupapp -->
  <system-out/>
  <testcase classname="framework.LoginCredentials" name="Bedapp" time="0.000">
    <skipped/>
  </testcase> <!-- Bedapp -->
  <system-out/>
  <testcase classname="framework.LoginCredentials" name="Bedappcart" time="0.000">
    <skipped/>
  </testcase> <!-- Bedappcart -->
  <system-out/>
  <testcase classname="framework.LoginCredentials" name="assertionaa" time="0.000">
    <skipped/>
  </testcase> <!-- assertionaa -->
  <system-out/>
  <testcase classname="framework.LoginCredentials" name="tvappcart" time="0.000">
    <skipped/>
  </testcase> <!-- tvappcart -->
  <system-out/>
  <testcase classname="framework.LoginCredentials" name="studyapp" time="0.000">
    <skipped/>
  </testcase> <!-- studyapp -->
  <system-out/>
  <testcase classname="framework.LoginCredentials" name="aboutapp" time="0.000">
    <skipped/>
  </testcase> <!-- aboutapp -->
  <system-out/>
  <testcase classname="framework.LoginCredentials" name="infoapp" time="0.000">
    <skipped/>
  </testcase> <!-- infoapp -->
  <system-out/>
</testsuite> <!-- framework.LoginCredentials -->
